2019-08-06 12:03:26,731 [INFO ]  Starting Rasa server on http://localhost:5005
2019-08-06 12:23:59,242 [INFO ]  Killing Sanic server now.
2019-08-06 12:32:49,757 [INFO ]  Starting Rasa server on http://localhost:5005
2019-08-06 12:33:31,706 [INFO ]  Killing Sanic server now.
2019-08-06 13:20:19,862 [INFO ]  Starting Rasa server on http://localhost:5005
2019-08-06 13:20:32,279 [INFO ]  Killing Sanic server now.
2019-08-06 13:21:06,580 [INFO ]  Starting Rasa server on http://localhost:5005
2019-08-06 13:21:50,353 [INFO ]  Killing Sanic server now.
2019-08-07 14:30:07,676 [INFO ]  Starting Rasa server on http://localhost:5005
2019-08-07 14:30:21,519 [INFO ]  Killing Sanic server now.
2019-08-07 14:32:33,800 [DEBUG]  CORS: Configuring CORS with resources: {'/*': {'origins': [''], 'methods': 'DELETE, GET, HEAD, OPTIONS, PATCH, POST, PUT', 'allow_headers': ['.*'], 'expose_headers': None, 'supports_credentials': False, 'max_age': None, 'send_wildcard': False, 'automatic_options': True, 'vary_header': True, 'resources': {'/*': {'origins': ''}}, 'intercept_exceptions': True, 'always_send': True}}
2019-08-07 14:32:33,801 [DEBUG]  Available web server routes: 
/webhooks/rest                                     GET                            custom_webhook_CmdlineInput.health
/webhooks/rest/webhook                             POST                           custom_webhook_CmdlineInput.receive
2019-08-07 14:32:33,801 [INFO ]  Starting Rasa server on http://localhost:5005
2019-08-07 14:32:33,803 [INFO ]  Enabling coroutine debugging. Loop id 5287686168.
2019-08-07 14:32:33,834 [DEBUG]  Extracted model to '/var/folders/t2/_jy3mlfs4zvf9p14x5hqqs440000gn/T/tmp4vuimc4i'.
2019-08-07 14:32:34,091 [DEBUG]  Connected to InMemoryTrackerStore.
2019-08-07 14:32:34,117 [DEBUG]  Extracted model to '/var/folders/t2/_jy3mlfs4zvf9p14x5hqqs440000gn/T/tmpkm5tjuma'.
2019-08-07 14:32:34,122 [DEBUG]  Using yaml library: /Users/yingrui/miniconda3/envs/chatbot/lib/python3.6/site-packages/ruamel/yaml/__init__.py
2019-08-07 14:32:42,762 [DEBUG]  Created a new lock for conversation 'default'
2019-08-07 14:32:42,765 [DEBUG]  Creating a new tracker for id 'default'.
2019-08-07 14:32:42,811 [DEBUG]  Received user message 'what is tw' with intent '{'name': 'what_is_the_company', 'confidence': 0.9597669839859009}' and entities '[{'start': 8, 'end': 10, 'value': 'ThoughtWorks', 'entity': 'company', 'confidence': 0.7785972207770515, 'extractor': 'CRFEntityExtractor', 'processors': ['EntitySynonymMapper']}]'
2019-08-07 14:32:42,811 [DEBUG]  Current slot values: 
	company: ThoughtWorks
2019-08-07 14:32:42,811 [DEBUG]  Logged UserUtterance - tracker now has 3 events
2019-08-07 14:32:42,812 [DEBUG]  Current tracker state [None, None, None, {}, {'intent_what_is_the_company': 1.0, 'slot_company_0': 1.0, 'entity_company': 1.0, 'prev_action_listen': 1.0}]
2019-08-07 14:32:42,812 [DEBUG]  There is no memorised next action
2019-08-07 14:32:43,057 [DEBUG]  Predicted next action using policy_1_KerasPolicy
2019-08-07 14:32:43,057 [DEBUG]  Predicted next action 'action_what_is_the_company' with confidence 0.23.
2019-08-07 14:32:43,058 [DEBUG]  Calling action endpoint to run action 'action_what_is_the_company'.
2019-08-07 14:32:43,077 [DEBUG]  Action 'action_what_is_the_company' ended with events '['BotUttered(text: ThoughtWorks is a community of passionate individuals whose purpose is to revolutionize software design, creation and delivery, while advocating for positive social change., data: {"elements": null, "quick_replies": null, "buttons": null, "attachment": null, "image": null, "custom": null}, metadata: {})']'
2019-08-07 14:32:43,077 [DEBUG]  Current slot values: 
	company: ThoughtWorks
2019-08-07 14:32:43,078 [DEBUG]  Current tracker state [None, None, {}, {'intent_what_is_the_company': 1.0, 'slot_company_0': 1.0, 'entity_company': 1.0, 'prev_action_listen': 1.0}, {'intent_what_is_the_company': 1.0, 'slot_company_0': 1.0, 'prev_action_what_is_the_company': 1.0, 'entity_company': 1.0}]
2019-08-07 14:32:43,079 [DEBUG]  There is no memorised next action
2019-08-07 14:32:43,083 [DEBUG]  There is no mapped action for the predicted intent, 'what_is_the_company'.
2019-08-07 14:32:43,083 [DEBUG]  Predicted next action using policy_1_KerasPolicy
2019-08-07 14:32:43,083 [DEBUG]  Predicted next action 'utter_did_that_help' with confidence 0.64.
2019-08-07 14:32:43,084 [DEBUG]  Action 'utter_did_that_help' ended with events '['BotUttered(text: Did that help you?, data: {"elements": null, "quick_replies": null, "buttons": null, "attachment": null, "image": null, "custom": null}, metadata: {})']'
2019-08-07 14:32:43,086 [DEBUG]  Current tracker state [None, {}, {'intent_what_is_the_company': 1.0, 'slot_company_0': 1.0, 'entity_company': 1.0, 'prev_action_listen': 1.0}, {'intent_what_is_the_company': 1.0, 'slot_company_0': 1.0, 'prev_action_what_is_the_company': 1.0, 'entity_company': 1.0}, {'prev_utter_did_that_help': 1.0, 'intent_what_is_the_company': 1.0, 'slot_company_0': 1.0, 'entity_company': 1.0}]
2019-08-07 14:32:43,086 [DEBUG]  There is no memorised next action
2019-08-07 14:32:43,090 [DEBUG]  There is no mapped action for the predicted intent, 'what_is_the_company'.
2019-08-07 14:32:43,090 [DEBUG]  Predicted next action using policy_1_KerasPolicy
2019-08-07 14:32:43,090 [DEBUG]  Predicted next action 'action_listen' with confidence 0.72.
2019-08-07 14:32:43,091 [DEBUG]  Action 'action_listen' ended with events '[]'
2019-08-07 14:32:43,092 [DEBUG]  Deleted lock for conversation 'default' (unused)
2019-08-07 14:32:48,996 [DEBUG]  Created a new lock for conversation 'default'
2019-08-07 14:32:48,996 [DEBUG]  Recreating tracker for id 'default'
2019-08-07 14:32:48,999 [DEBUG]  Received user message 'thanks' with intent '{'name': None, 'confidence': 0.0}' and entities '[]'
2019-08-07 14:32:48,999 [DEBUG]  Logged UserUtterance - tracker now has 9 events
2019-08-07 14:32:48,999 [DEBUG]  Current tracker state [{}, {'intent_what_is_the_company': 1.0, 'slot_company_0': 1.0, 'entity_company': 1.0, 'prev_action_listen': 1.0}, {'intent_what_is_the_company': 1.0, 'slot_company_0': 1.0, 'prev_action_what_is_the_company': 1.0, 'entity_company': 1.0}, {'prev_utter_did_that_help': 1.0, 'intent_what_is_the_company': 1.0, 'slot_company_0': 1.0, 'entity_company': 1.0}, {'slot_company_0': 1.0, 'prev_action_listen': 1.0}]
2019-08-07 14:32:49,000 [DEBUG]  There is no memorised next action
2019-08-07 14:32:49,003 [DEBUG]  Predicted next action using policy_1_KerasPolicy
2019-08-07 14:32:49,004 [DEBUG]  Predicted next action 'utter_goodbye' with confidence 0.47.
2019-08-07 14:32:49,005 [DEBUG]  Action 'utter_goodbye' ended with events '['BotUttered(text: Bye, data: {"elements": null, "quick_replies": null, "buttons": null, "attachment": null, "image": null, "custom": null}, metadata: {})']'
2019-08-07 14:32:49,006 [DEBUG]  Current tracker state [{'intent_what_is_the_company': 1.0, 'slot_company_0': 1.0, 'entity_company': 1.0, 'prev_action_listen': 1.0}, {'intent_what_is_the_company': 1.0, 'slot_company_0': 1.0, 'prev_action_what_is_the_company': 1.0, 'entity_company': 1.0}, {'prev_utter_did_that_help': 1.0, 'intent_what_is_the_company': 1.0, 'slot_company_0': 1.0, 'entity_company': 1.0}, {'slot_company_0': 1.0, 'prev_action_listen': 1.0}, {'slot_company_0': 1.0, 'prev_utter_goodbye': 1.0}]
2019-08-07 14:32:49,006 [DEBUG]  There is no memorised next action
2019-08-07 14:32:49,010 [DEBUG]  There is no mapped action for the predicted intent, 'None'.
2019-08-07 14:32:49,010 [DEBUG]  Predicted next action using policy_1_KerasPolicy
2019-08-07 14:32:49,010 [DEBUG]  Predicted next action 'action_listen' with confidence 0.89.
2019-08-07 14:32:49,011 [DEBUG]  Action 'action_listen' ended with events '[]'
2019-08-07 14:32:49,011 [DEBUG]  Deleted lock for conversation 'default' (unused)
2019-08-07 14:33:09,089 [DEBUG]  Created a new lock for conversation 'default'
2019-08-07 14:33:09,091 [DEBUG]  Recreating tracker for id 'default'
2019-08-07 14:33:09,093 [DEBUG]  Received user message 'hi' with intent '{'name': 'greet', 'confidence': 0.9779801964759827}' and entities '[]'
2019-08-07 14:33:09,093 [DEBUG]  Logged UserUtterance - tracker now has 13 events
2019-08-07 14:33:09,093 [DEBUG]  Current tracker state [{'intent_what_is_the_company': 1.0, 'slot_company_0': 1.0, 'prev_action_what_is_the_company': 1.0, 'entity_company': 1.0}, {'prev_utter_did_that_help': 1.0, 'intent_what_is_the_company': 1.0, 'slot_company_0': 1.0, 'entity_company': 1.0}, {'slot_company_0': 1.0, 'prev_action_listen': 1.0}, {'slot_company_0': 1.0, 'prev_utter_goodbye': 1.0}, {'intent_greet': 1.0, 'slot_company_0': 1.0, 'prev_action_listen': 1.0}]
2019-08-07 14:33:09,094 [DEBUG]  There is no memorised next action
2019-08-07 14:33:09,098 [DEBUG]  Predicted next action using policy_1_KerasPolicy
2019-08-07 14:33:09,098 [DEBUG]  Predicted next action 'utter_greet' with confidence 0.60.
2019-08-07 14:33:09,099 [DEBUG]  Action 'utter_greet' ended with events '['BotUttered(text: Hey! How are you?, data: {"elements": null, "quick_replies": null, "buttons": null, "attachment": null, "image": null, "custom": null}, metadata: {})']'
2019-08-07 14:33:09,100 [DEBUG]  Current tracker state [{'prev_utter_did_that_help': 1.0, 'intent_what_is_the_company': 1.0, 'slot_company_0': 1.0, 'entity_company': 1.0}, {'slot_company_0': 1.0, 'prev_action_listen': 1.0}, {'slot_company_0': 1.0, 'prev_utter_goodbye': 1.0}, {'intent_greet': 1.0, 'slot_company_0': 1.0, 'prev_action_listen': 1.0}, {'prev_utter_greet': 1.0, 'intent_greet': 1.0, 'slot_company_0': 1.0}]
2019-08-07 14:33:09,100 [DEBUG]  There is no memorised next action
2019-08-07 14:33:09,104 [DEBUG]  There is no mapped action for the predicted intent, 'greet'.
2019-08-07 14:33:09,104 [DEBUG]  Predicted next action using policy_1_KerasPolicy
2019-08-07 14:33:09,104 [DEBUG]  Predicted next action 'action_listen' with confidence 0.91.
2019-08-07 14:33:09,105 [DEBUG]  Action 'action_listen' ended with events '[]'
2019-08-07 14:33:09,105 [DEBUG]  Deleted lock for conversation 'default' (unused)
2019-08-07 14:33:28,249 [DEBUG]  Created a new lock for conversation 'default'
2019-08-07 14:33:28,250 [DEBUG]  Recreating tracker for id 'default'
2019-08-07 14:33:28,252 [DEBUG]  Received user message 'good' with intent '{'name': 'mood_great', 'confidence': 0.9775700569152832}' and entities '[]'
2019-08-07 14:33:28,252 [DEBUG]  Logged UserUtterance - tracker now has 17 events
2019-08-07 14:33:28,253 [DEBUG]  Current tracker state [{'slot_company_0': 1.0, 'prev_action_listen': 1.0}, {'slot_company_0': 1.0, 'prev_utter_goodbye': 1.0}, {'intent_greet': 1.0, 'slot_company_0': 1.0, 'prev_action_listen': 1.0}, {'prev_utter_greet': 1.0, 'intent_greet': 1.0, 'slot_company_0': 1.0}, {'slot_company_0': 1.0, 'intent_mood_great': 1.0, 'prev_action_listen': 1.0}]
2019-08-07 14:33:28,253 [DEBUG]  There is no memorised next action
2019-08-07 14:33:28,257 [DEBUG]  Predicted next action using policy_1_KerasPolicy
2019-08-07 14:33:28,257 [DEBUG]  Predicted next action 'utter_happy' with confidence 0.49.
2019-08-07 14:33:28,258 [DEBUG]  Action 'utter_happy' ended with events '['BotUttered(text: Great carry on!, data: {"elements": null, "quick_replies": null, "buttons": null, "attachment": null, "image": null, "custom": null}, metadata: {})']'
2019-08-07 14:33:28,259 [DEBUG]  Current tracker state [{'slot_company_0': 1.0, 'prev_utter_goodbye': 1.0}, {'intent_greet': 1.0, 'slot_company_0': 1.0, 'prev_action_listen': 1.0}, {'prev_utter_greet': 1.0, 'intent_greet': 1.0, 'slot_company_0': 1.0}, {'slot_company_0': 1.0, 'intent_mood_great': 1.0, 'prev_action_listen': 1.0}, {'slot_company_0': 1.0, 'prev_utter_happy': 1.0, 'intent_mood_great': 1.0}]
2019-08-07 14:33:28,259 [DEBUG]  There is no memorised next action
2019-08-07 14:33:28,263 [DEBUG]  There is no mapped action for the predicted intent, 'mood_great'.
2019-08-07 14:33:28,263 [DEBUG]  Predicted next action using policy_1_KerasPolicy
2019-08-07 14:33:28,263 [DEBUG]  Predicted next action 'action_listen' with confidence 0.86.
2019-08-07 14:33:28,264 [DEBUG]  Action 'action_listen' ended with events '[]'
2019-08-07 14:33:28,265 [DEBUG]  Deleted lock for conversation 'default' (unused)
2019-08-07 14:33:30,434 [DEBUG]  Created a new lock for conversation 'default'
2019-08-07 14:33:30,434 [DEBUG]  Recreating tracker for id 'default'
2019-08-07 14:33:30,436 [DEBUG]  Received user message 'bye' with intent '{'name': 'goodbye', 'confidence': 0.9680338501930237}' and entities '[]'
2019-08-07 14:33:30,436 [DEBUG]  Logged UserUtterance - tracker now has 21 events
2019-08-07 14:33:30,437 [DEBUG]  Current tracker state [{'intent_greet': 1.0, 'slot_company_0': 1.0, 'prev_action_listen': 1.0}, {'prev_utter_greet': 1.0, 'intent_greet': 1.0, 'slot_company_0': 1.0}, {'slot_company_0': 1.0, 'intent_mood_great': 1.0, 'prev_action_listen': 1.0}, {'slot_company_0': 1.0, 'prev_utter_happy': 1.0, 'intent_mood_great': 1.0}, {'intent_goodbye': 1.0, 'slot_company_0': 1.0, 'prev_action_listen': 1.0}]
2019-08-07 14:33:30,437 [DEBUG]  There is no memorised next action
2019-08-07 14:33:30,441 [DEBUG]  Predicted next action using policy_1_KerasPolicy
2019-08-07 14:33:30,441 [DEBUG]  Predicted next action 'utter_goodbye' with confidence 0.42.
2019-08-07 14:33:30,442 [DEBUG]  Action 'utter_goodbye' ended with events '['BotUttered(text: Bye, data: {"elements": null, "quick_replies": null, "buttons": null, "attachment": null, "image": null, "custom": null}, metadata: {})']'
2019-08-07 14:33:30,444 [DEBUG]  Current tracker state [{'prev_utter_greet': 1.0, 'intent_greet': 1.0, 'slot_company_0': 1.0}, {'slot_company_0': 1.0, 'intent_mood_great': 1.0, 'prev_action_listen': 1.0}, {'slot_company_0': 1.0, 'prev_utter_happy': 1.0, 'intent_mood_great': 1.0}, {'intent_goodbye': 1.0, 'slot_company_0': 1.0, 'prev_action_listen': 1.0}, {'prev_utter_goodbye': 1.0, 'intent_goodbye': 1.0, 'slot_company_0': 1.0}]
2019-08-07 14:33:30,444 [DEBUG]  There is no memorised next action
2019-08-07 14:33:30,447 [DEBUG]  There is no mapped action for the predicted intent, 'goodbye'.
2019-08-07 14:33:30,447 [DEBUG]  Predicted next action using policy_1_KerasPolicy
2019-08-07 14:33:30,447 [DEBUG]  Predicted next action 'action_listen' with confidence 0.92.
2019-08-07 14:33:30,448 [DEBUG]  Action 'action_listen' ended with events '[]'
2019-08-07 14:33:30,449 [DEBUG]  Deleted lock for conversation 'default' (unused)
2019-08-07 14:33:32,827 [DEBUG]  Created a new lock for conversation 'default'
2019-08-07 14:33:32,828 [DEBUG]  Recreating tracker for id 'default'
2019-08-07 14:33:32,830 [DEBUG]  Received user message 'hi' with intent '{'name': 'greet', 'confidence': 0.9779801964759827}' and entities '[]'
2019-08-07 14:33:32,830 [DEBUG]  Logged UserUtterance - tracker now has 25 events
2019-08-07 14:33:32,831 [DEBUG]  Current tracker state [{'slot_company_0': 1.0, 'intent_mood_great': 1.0, 'prev_action_listen': 1.0}, {'slot_company_0': 1.0, 'prev_utter_happy': 1.0, 'intent_mood_great': 1.0}, {'intent_goodbye': 1.0, 'slot_company_0': 1.0, 'prev_action_listen': 1.0}, {'prev_utter_goodbye': 1.0, 'intent_goodbye': 1.0, 'slot_company_0': 1.0}, {'intent_greet': 1.0, 'slot_company_0': 1.0, 'prev_action_listen': 1.0}]
2019-08-07 14:33:32,831 [DEBUG]  There is no memorised next action
2019-08-07 14:33:32,835 [DEBUG]  Predicted next action using policy_1_KerasPolicy
2019-08-07 14:33:32,835 [DEBUG]  Predicted next action 'utter_greet' with confidence 0.68.
2019-08-07 14:33:32,836 [DEBUG]  Action 'utter_greet' ended with events '['BotUttered(text: Hey! How are you?, data: {"elements": null, "quick_replies": null, "buttons": null, "attachment": null, "image": null, "custom": null}, metadata: {})']'
2019-08-07 14:33:32,838 [DEBUG]  Current tracker state [{'slot_company_0': 1.0, 'prev_utter_happy': 1.0, 'intent_mood_great': 1.0}, {'intent_goodbye': 1.0, 'slot_company_0': 1.0, 'prev_action_listen': 1.0}, {'prev_utter_goodbye': 1.0, 'intent_goodbye': 1.0, 'slot_company_0': 1.0}, {'intent_greet': 1.0, 'slot_company_0': 1.0, 'prev_action_listen': 1.0}, {'prev_utter_greet': 1.0, 'intent_greet': 1.0, 'slot_company_0': 1.0}]
2019-08-07 14:33:32,838 [DEBUG]  There is no memorised next action
2019-08-07 14:33:32,841 [DEBUG]  There is no mapped action for the predicted intent, 'greet'.
2019-08-07 14:33:32,842 [DEBUG]  Predicted next action using policy_1_KerasPolicy
2019-08-07 14:33:32,842 [DEBUG]  Predicted next action 'action_listen' with confidence 0.92.
2019-08-07 14:33:32,842 [DEBUG]  Action 'action_listen' ended with events '[]'
2019-08-07 14:33:32,843 [DEBUG]  Deleted lock for conversation 'default' (unused)
2019-08-07 14:37:25,859 [DEBUG]  Created a new lock for conversation 'default'
2019-08-07 14:37:25,861 [DEBUG]  Recreating tracker for id 'default'
2019-08-07 14:37:25,863 [DEBUG]  Received user message 'bad' with intent '{'name': 'mood_unhappy', 'confidence': 0.9505046606063843}' and entities '[]'
2019-08-07 14:37:25,864 [DEBUG]  Logged UserUtterance - tracker now has 29 events
2019-08-07 14:37:25,864 [DEBUG]  Current tracker state [{'intent_goodbye': 1.0, 'slot_company_0': 1.0, 'prev_action_listen': 1.0}, {'prev_utter_goodbye': 1.0, 'intent_goodbye': 1.0, 'slot_company_0': 1.0}, {'intent_greet': 1.0, 'slot_company_0': 1.0, 'prev_action_listen': 1.0}, {'prev_utter_greet': 1.0, 'intent_greet': 1.0, 'slot_company_0': 1.0}, {'intent_mood_unhappy': 1.0, 'slot_company_0': 1.0, 'prev_action_listen': 1.0}]
2019-08-07 14:37:25,865 [DEBUG]  There is no memorised next action
2019-08-07 14:37:25,869 [DEBUG]  Predicted next action using policy_1_KerasPolicy
2019-08-07 14:37:25,869 [DEBUG]  Predicted next action 'utter_cheer_up' with confidence 0.47.
2019-08-07 14:37:25,870 [DEBUG]  Action 'utter_cheer_up' ended with events '['BotUttered(text: Here is something to cheer you up:, data: {"elements": null, "quick_replies": null, "buttons": null, "attachment": "https://i.imgur.com/nGF1K8f.jpg", "image": "https://i.imgur.com/nGF1K8f.jpg", "custom": null}, metadata: {})']'
2019-08-07 14:37:25,872 [DEBUG]  Current tracker state [{'prev_utter_goodbye': 1.0, 'intent_goodbye': 1.0, 'slot_company_0': 1.0}, {'intent_greet': 1.0, 'slot_company_0': 1.0, 'prev_action_listen': 1.0}, {'prev_utter_greet': 1.0, 'intent_greet': 1.0, 'slot_company_0': 1.0}, {'intent_mood_unhappy': 1.0, 'slot_company_0': 1.0, 'prev_action_listen': 1.0}, {'intent_mood_unhappy': 1.0, 'prev_utter_cheer_up': 1.0, 'slot_company_0': 1.0}]
2019-08-07 14:37:25,873 [DEBUG]  There is no memorised next action
2019-08-07 14:37:25,876 [DEBUG]  There is no mapped action for the predicted intent, 'mood_unhappy'.
2019-08-07 14:37:25,877 [DEBUG]  Predicted next action using policy_1_KerasPolicy
2019-08-07 14:37:25,877 [DEBUG]  Predicted next action 'utter_did_that_help' with confidence 0.81.
2019-08-07 14:37:25,878 [DEBUG]  Action 'utter_did_that_help' ended with events '['BotUttered(text: Did that help you?, data: {"elements": null, "quick_replies": null, "buttons": null, "attachment": null, "image": null, "custom": null}, metadata: {})']'
2019-08-07 14:37:25,879 [DEBUG]  Current tracker state [{'intent_greet': 1.0, 'slot_company_0': 1.0, 'prev_action_listen': 1.0}, {'prev_utter_greet': 1.0, 'intent_greet': 1.0, 'slot_company_0': 1.0}, {'intent_mood_unhappy': 1.0, 'slot_company_0': 1.0, 'prev_action_listen': 1.0}, {'intent_mood_unhappy': 1.0, 'prev_utter_cheer_up': 1.0, 'slot_company_0': 1.0}, {'intent_mood_unhappy': 1.0, 'prev_utter_did_that_help': 1.0, 'slot_company_0': 1.0}]
2019-08-07 14:37:25,880 [DEBUG]  There is no memorised next action
2019-08-07 14:37:25,884 [DEBUG]  There is no mapped action for the predicted intent, 'mood_unhappy'.
2019-08-07 14:37:25,884 [DEBUG]  Predicted next action using policy_1_KerasPolicy
2019-08-07 14:37:25,884 [DEBUG]  Predicted next action 'action_listen' with confidence 0.61.
2019-08-07 14:37:25,885 [DEBUG]  Action 'action_listen' ended with events '[]'
2019-08-07 14:37:25,886 [DEBUG]  Deleted lock for conversation 'default' (unused)
2019-08-07 14:38:09,008 [DEBUG]  Created a new lock for conversation 'default'
2019-08-07 14:38:09,008 [DEBUG]  Recreating tracker for id 'default'
2019-08-07 14:38:09,010 [DEBUG]  Received user message 'no, thanks' with intent '{'name': 'deny', 'confidence': 0.9684535264968872}' and entities '[]'
2019-08-07 14:38:09,010 [DEBUG]  Logged UserUtterance - tracker now has 35 events
2019-08-07 14:38:09,011 [DEBUG]  Current tracker state [{'prev_utter_greet': 1.0, 'intent_greet': 1.0, 'slot_company_0': 1.0}, {'intent_mood_unhappy': 1.0, 'slot_company_0': 1.0, 'prev_action_listen': 1.0}, {'intent_mood_unhappy': 1.0, 'prev_utter_cheer_up': 1.0, 'slot_company_0': 1.0}, {'intent_mood_unhappy': 1.0, 'prev_utter_did_that_help': 1.0, 'slot_company_0': 1.0}, {'intent_deny': 1.0, 'slot_company_0': 1.0, 'prev_action_listen': 1.0}]
2019-08-07 14:38:09,012 [DEBUG]  There is no memorised next action
2019-08-07 14:38:09,016 [DEBUG]  Predicted next action using policy_1_KerasPolicy
2019-08-07 14:38:09,016 [DEBUG]  Predicted next action 'utter_goodbye' with confidence 0.66.
2019-08-07 14:38:09,017 [DEBUG]  Action 'utter_goodbye' ended with events '['BotUttered(text: Bye, data: {"elements": null, "quick_replies": null, "buttons": null, "attachment": null, "image": null, "custom": null}, metadata: {})']'
2019-08-07 14:38:09,018 [DEBUG]  Current tracker state [{'intent_mood_unhappy': 1.0, 'slot_company_0': 1.0, 'prev_action_listen': 1.0}, {'intent_mood_unhappy': 1.0, 'prev_utter_cheer_up': 1.0, 'slot_company_0': 1.0}, {'intent_mood_unhappy': 1.0, 'prev_utter_did_that_help': 1.0, 'slot_company_0': 1.0}, {'intent_deny': 1.0, 'slot_company_0': 1.0, 'prev_action_listen': 1.0}, {'prev_utter_goodbye': 1.0, 'intent_deny': 1.0, 'slot_company_0': 1.0}]
2019-08-07 14:38:09,019 [DEBUG]  There is no memorised next action
2019-08-07 14:38:09,023 [DEBUG]  There is no mapped action for the predicted intent, 'deny'.
2019-08-07 14:38:09,023 [DEBUG]  Predicted next action using policy_1_KerasPolicy
2019-08-07 14:38:09,023 [DEBUG]  Predicted next action 'action_listen' with confidence 0.90.
2019-08-07 14:38:09,023 [DEBUG]  Action 'action_listen' ended with events '[]'
2019-08-07 14:38:09,024 [DEBUG]  Deleted lock for conversation 'default' (unused)
2019-08-07 14:38:13,336 [INFO ]  Killing Sanic server now.
2019-08-07 14:43:35,180 [DEBUG]  CORS: Configuring CORS with resources: {'/*': {'origins': [''], 'methods': 'DELETE, GET, HEAD, OPTIONS, PATCH, POST, PUT', 'allow_headers': ['.*'], 'expose_headers': None, 'supports_credentials': False, 'max_age': None, 'send_wildcard': False, 'automatic_options': True, 'vary_header': True, 'resources': {'/*': {'origins': ''}}, 'intercept_exceptions': True, 'always_send': True}}
2019-08-07 14:43:35,181 [DEBUG]  Available web server routes: 
/webhooks/rest                                     GET                            custom_webhook_CmdlineInput.health
/webhooks/rest/webhook                             POST                           custom_webhook_CmdlineInput.receive
2019-08-07 14:43:35,181 [INFO ]  Starting Rasa server on http://localhost:5005
2019-08-07 14:43:35,182 [INFO ]  Enabling coroutine debugging. Loop id 5436166168.
2019-08-07 14:43:35,214 [DEBUG]  Extracted model to '/var/folders/t2/_jy3mlfs4zvf9p14x5hqqs440000gn/T/tmpbgi665ai'.
2019-08-07 14:43:35,459 [DEBUG]  Connected to InMemoryTrackerStore.
2019-08-07 14:43:35,487 [DEBUG]  Extracted model to '/var/folders/t2/_jy3mlfs4zvf9p14x5hqqs440000gn/T/tmpa97s0g8z'.
2019-08-07 14:43:35,491 [DEBUG]  Using yaml library: /Users/yingrui/miniconda3/envs/chatbot/lib/python3.6/site-packages/ruamel/yaml/__init__.py
2019-08-07 14:43:39,431 [DEBUG]  Created a new lock for conversation 'default'
2019-08-07 14:43:39,433 [DEBUG]  Creating a new tracker for id 'default'.
2019-08-07 14:43:39,474 [DEBUG]  Received user message 'hi' with intent '{'name': 'greet', 'confidence': 0.9779801964759827}' and entities '[]'
2019-08-07 14:43:39,474 [DEBUG]  Logged UserUtterance - tracker now has 2 events
2019-08-07 14:43:39,475 [DEBUG]  Current tracker state [None, None, None, {}, {'intent_greet': 1.0, 'prev_action_listen': 1.0}]
2019-08-07 14:43:39,476 [DEBUG]  There is a memorised next action '12'
2019-08-07 14:43:39,710 [DEBUG]  Predicted next action using policy_0_MemoizationPolicy
2019-08-07 14:43:39,711 [DEBUG]  Predicted next action 'utter_greet' with confidence 1.00.
2019-08-07 14:43:39,712 [DEBUG]  Action 'utter_greet' ended with events '['BotUttered(text: Hey! How are you?, data: {"elements": null, "quick_replies": null, "buttons": null, "attachment": null, "image": null, "custom": null}, metadata: {})']'
2019-08-07 14:43:39,714 [DEBUG]  Current tracker state [None, None, {}, {'intent_greet': 1.0, 'prev_action_listen': 1.0}, {'intent_greet': 1.0, 'prev_utter_greet': 1.0}]
2019-08-07 14:43:39,714 [DEBUG]  There is a memorised next action '0'
2019-08-07 14:43:39,718 [DEBUG]  There is no mapped action for the predicted intent, 'greet'.
2019-08-07 14:43:39,718 [DEBUG]  Predicted next action using policy_0_MemoizationPolicy
2019-08-07 14:43:39,718 [DEBUG]  Predicted next action 'action_listen' with confidence 1.00.
2019-08-07 14:43:39,719 [DEBUG]  Action 'action_listen' ended with events '[]'
2019-08-07 14:43:39,720 [DEBUG]  Deleted lock for conversation 'default' (unused)
2019-08-07 14:43:42,338 [DEBUG]  Created a new lock for conversation 'default'
2019-08-07 14:43:42,339 [DEBUG]  Recreating tracker for id 'default'
2019-08-07 14:43:42,341 [DEBUG]  Received user message 'good' with intent '{'name': 'mood_great', 'confidence': 0.9775700569152832}' and entities '[]'
2019-08-07 14:43:42,341 [DEBUG]  Logged UserUtterance - tracker now has 6 events
2019-08-07 14:43:42,342 [DEBUG]  Current tracker state [None, {}, {'intent_greet': 1.0, 'prev_action_listen': 1.0}, {'intent_greet': 1.0, 'prev_utter_greet': 1.0}, {'intent_mood_great': 1.0, 'prev_action_listen': 1.0}]
2019-08-07 14:43:42,342 [DEBUG]  There is a memorised next action '13'
2019-08-07 14:43:42,346 [DEBUG]  Predicted next action using policy_0_MemoizationPolicy
2019-08-07 14:43:42,346 [DEBUG]  Predicted next action 'utter_happy' with confidence 1.00.
2019-08-07 14:43:42,347 [DEBUG]  Action 'utter_happy' ended with events '['BotUttered(text: Great carry on!, data: {"elements": null, "quick_replies": null, "buttons": null, "attachment": null, "image": null, "custom": null}, metadata: {})']'
2019-08-07 14:43:42,348 [DEBUG]  Current tracker state [{}, {'intent_greet': 1.0, 'prev_action_listen': 1.0}, {'intent_greet': 1.0, 'prev_utter_greet': 1.0}, {'intent_mood_great': 1.0, 'prev_action_listen': 1.0}, {'prev_utter_happy': 1.0, 'intent_mood_great': 1.0}]
2019-08-07 14:43:42,348 [DEBUG]  There is a memorised next action '0'
2019-08-07 14:43:42,353 [DEBUG]  There is no mapped action for the predicted intent, 'mood_great'.
2019-08-07 14:43:42,354 [DEBUG]  Predicted next action using policy_0_MemoizationPolicy
2019-08-07 14:43:42,354 [DEBUG]  Predicted next action 'action_listen' with confidence 1.00.
2019-08-07 14:43:42,355 [DEBUG]  Action 'action_listen' ended with events '[]'
2019-08-07 14:43:42,356 [DEBUG]  Deleted lock for conversation 'default' (unused)
2019-08-07 14:43:44,639 [DEBUG]  Created a new lock for conversation 'default'
2019-08-07 14:43:44,640 [DEBUG]  Recreating tracker for id 'default'
2019-08-07 14:43:44,642 [DEBUG]  Received user message 'bye' with intent '{'name': 'goodbye', 'confidence': 0.9680338501930237}' and entities '[]'
2019-08-07 14:43:44,642 [DEBUG]  Logged UserUtterance - tracker now has 10 events
2019-08-07 14:43:44,643 [DEBUG]  Current tracker state [{'intent_greet': 1.0, 'prev_action_listen': 1.0}, {'intent_greet': 1.0, 'prev_utter_greet': 1.0}, {'intent_mood_great': 1.0, 'prev_action_listen': 1.0}, {'prev_utter_happy': 1.0, 'intent_mood_great': 1.0}, {'intent_goodbye': 1.0, 'prev_action_listen': 1.0}]
2019-08-07 14:43:44,643 [DEBUG]  There is no memorised next action
2019-08-07 14:43:44,647 [DEBUG]  Predicted next action using policy_1_KerasPolicy
2019-08-07 14:43:44,647 [DEBUG]  Predicted next action 'utter_goodbye' with confidence 0.43.
2019-08-07 14:43:44,648 [DEBUG]  Action 'utter_goodbye' ended with events '['BotUttered(text: Bye, data: {"elements": null, "quick_replies": null, "buttons": null, "attachment": null, "image": null, "custom": null}, metadata: {})']'
2019-08-07 14:43:44,649 [DEBUG]  Current tracker state [{'intent_greet': 1.0, 'prev_utter_greet': 1.0}, {'intent_mood_great': 1.0, 'prev_action_listen': 1.0}, {'prev_utter_happy': 1.0, 'intent_mood_great': 1.0}, {'intent_goodbye': 1.0, 'prev_action_listen': 1.0}, {'intent_goodbye': 1.0, 'prev_utter_goodbye': 1.0}]
2019-08-07 14:43:44,649 [DEBUG]  There is no memorised next action
2019-08-07 14:43:44,653 [DEBUG]  There is no mapped action for the predicted intent, 'goodbye'.
2019-08-07 14:43:44,653 [DEBUG]  Predicted next action using policy_1_KerasPolicy
2019-08-07 14:43:44,653 [DEBUG]  Predicted next action 'action_listen' with confidence 0.92.
2019-08-07 14:43:44,654 [DEBUG]  Action 'action_listen' ended with events '[]'
2019-08-07 14:43:44,655 [DEBUG]  Deleted lock for conversation 'default' (unused)
2019-08-07 14:43:56,357 [DEBUG]  Created a new lock for conversation 'default'
2019-08-07 14:43:56,358 [DEBUG]  Recreating tracker for id 'default'
2019-08-07 14:43:56,360 [DEBUG]  Received user message 'hello' with intent '{'name': 'greet', 'confidence': 0.9784450531005859}' and entities '[]'
2019-08-07 14:43:56,360 [DEBUG]  Logged UserUtterance - tracker now has 14 events
2019-08-07 14:43:56,360 [DEBUG]  Current tracker state [{'intent_mood_great': 1.0, 'prev_action_listen': 1.0}, {'prev_utter_happy': 1.0, 'intent_mood_great': 1.0}, {'intent_goodbye': 1.0, 'prev_action_listen': 1.0}, {'intent_goodbye': 1.0, 'prev_utter_goodbye': 1.0}, {'intent_greet': 1.0, 'prev_action_listen': 1.0}]
2019-08-07 14:43:56,361 [DEBUG]  There is no memorised next action
2019-08-07 14:43:56,364 [DEBUG]  Predicted next action using policy_1_KerasPolicy
2019-08-07 14:43:56,364 [DEBUG]  Predicted next action 'utter_greet' with confidence 0.68.
2019-08-07 14:43:56,365 [DEBUG]  Action 'utter_greet' ended with events '['BotUttered(text: Hey! How are you?, data: {"elements": null, "quick_replies": null, "buttons": null, "attachment": null, "image": null, "custom": null}, metadata: {})']'
2019-08-07 14:43:56,367 [DEBUG]  Current tracker state [{'prev_utter_happy': 1.0, 'intent_mood_great': 1.0}, {'intent_goodbye': 1.0, 'prev_action_listen': 1.0}, {'intent_goodbye': 1.0, 'prev_utter_goodbye': 1.0}, {'intent_greet': 1.0, 'prev_action_listen': 1.0}, {'intent_greet': 1.0, 'prev_utter_greet': 1.0}]
2019-08-07 14:43:56,367 [DEBUG]  There is no memorised next action
2019-08-07 14:43:56,371 [DEBUG]  There is no mapped action for the predicted intent, 'greet'.
2019-08-07 14:43:56,371 [DEBUG]  Predicted next action using policy_1_KerasPolicy
2019-08-07 14:43:56,371 [DEBUG]  Predicted next action 'action_listen' with confidence 0.91.
2019-08-07 14:43:56,372 [DEBUG]  Action 'action_listen' ended with events '[]'
2019-08-07 14:43:56,373 [DEBUG]  Deleted lock for conversation 'default' (unused)
2019-08-07 14:44:23,417 [DEBUG]  Created a new lock for conversation 'default'
2019-08-07 14:44:23,418 [DEBUG]  Recreating tracker for id 'default'
2019-08-07 14:44:23,420 [DEBUG]  Received user message 'not bad' with intent '{'name': 'mood_unhappy', 'confidence': 0.8880815505981445}' and entities '[]'
2019-08-07 14:44:23,420 [DEBUG]  Logged UserUtterance - tracker now has 18 events
2019-08-07 14:44:23,421 [DEBUG]  Current tracker state [{'intent_goodbye': 1.0, 'prev_action_listen': 1.0}, {'intent_goodbye': 1.0, 'prev_utter_goodbye': 1.0}, {'intent_greet': 1.0, 'prev_action_listen': 1.0}, {'intent_greet': 1.0, 'prev_utter_greet': 1.0}, {'intent_mood_unhappy': 1.0, 'prev_action_listen': 1.0}]
2019-08-07 14:44:23,421 [DEBUG]  There is no memorised next action
2019-08-07 14:44:23,424 [DEBUG]  Predicted next action using policy_1_KerasPolicy
2019-08-07 14:44:23,425 [DEBUG]  Predicted next action 'utter_cheer_up' with confidence 0.56.
2019-08-07 14:44:23,426 [DEBUG]  Action 'utter_cheer_up' ended with events '['BotUttered(text: Here is something to cheer you up:, data: {"elements": null, "quick_replies": null, "buttons": null, "attachment": "https://i.imgur.com/nGF1K8f.jpg", "image": "https://i.imgur.com/nGF1K8f.jpg", "custom": null}, metadata: {})']'
2019-08-07 14:44:23,428 [DEBUG]  Current tracker state [{'intent_goodbye': 1.0, 'prev_utter_goodbye': 1.0}, {'intent_greet': 1.0, 'prev_action_listen': 1.0}, {'intent_greet': 1.0, 'prev_utter_greet': 1.0}, {'intent_mood_unhappy': 1.0, 'prev_action_listen': 1.0}, {'intent_mood_unhappy': 1.0, 'prev_utter_cheer_up': 1.0}]
2019-08-07 14:44:23,428 [DEBUG]  There is no memorised next action
2019-08-07 14:44:23,433 [DEBUG]  There is no mapped action for the predicted intent, 'mood_unhappy'.
2019-08-07 14:44:23,433 [DEBUG]  Predicted next action using policy_1_KerasPolicy
2019-08-07 14:44:23,433 [DEBUG]  Predicted next action 'utter_did_that_help' with confidence 0.81.
2019-08-07 14:44:23,434 [DEBUG]  Action 'utter_did_that_help' ended with events '['BotUttered(text: Did that help you?, data: {"elements": null, "quick_replies": null, "buttons": null, "attachment": null, "image": null, "custom": null}, metadata: {})']'
2019-08-07 14:44:23,436 [DEBUG]  Current tracker state [{'intent_greet': 1.0, 'prev_action_listen': 1.0}, {'intent_greet': 1.0, 'prev_utter_greet': 1.0}, {'intent_mood_unhappy': 1.0, 'prev_action_listen': 1.0}, {'intent_mood_unhappy': 1.0, 'prev_utter_cheer_up': 1.0}, {'prev_utter_did_that_help': 1.0, 'intent_mood_unhappy': 1.0}]
2019-08-07 14:44:23,436 [DEBUG]  There is a memorised next action '0'
2019-08-07 14:44:23,439 [DEBUG]  There is no mapped action for the predicted intent, 'mood_unhappy'.
2019-08-07 14:44:23,439 [DEBUG]  Predicted next action using policy_0_MemoizationPolicy
2019-08-07 14:44:23,439 [DEBUG]  Predicted next action 'action_listen' with confidence 1.00.
2019-08-07 14:44:23,440 [DEBUG]  Action 'action_listen' ended with events '[]'
2019-08-07 14:44:23,441 [DEBUG]  Deleted lock for conversation 'default' (unused)
2019-08-07 14:44:40,822 [DEBUG]  Created a new lock for conversation 'default'
2019-08-07 14:44:40,823 [DEBUG]  Recreating tracker for id 'default'
2019-08-07 14:44:40,825 [DEBUG]  Received user message 'yes' with intent '{'name': 'affirm', 'confidence': 0.9542189836502075}' and entities '[]'
2019-08-07 14:44:40,825 [DEBUG]  Logged UserUtterance - tracker now has 24 events
2019-08-07 14:44:40,826 [DEBUG]  Current tracker state [{'intent_greet': 1.0, 'prev_utter_greet': 1.0}, {'intent_mood_unhappy': 1.0, 'prev_action_listen': 1.0}, {'intent_mood_unhappy': 1.0, 'prev_utter_cheer_up': 1.0}, {'prev_utter_did_that_help': 1.0, 'intent_mood_unhappy': 1.0}, {'intent_affirm': 1.0, 'prev_action_listen': 1.0}]
2019-08-07 14:44:40,827 [DEBUG]  There is a memorised next action '13'
2019-08-07 14:44:40,831 [DEBUG]  Predicted next action using policy_0_MemoizationPolicy
2019-08-07 14:44:40,831 [DEBUG]  Predicted next action 'utter_happy' with confidence 1.00.
2019-08-07 14:44:40,832 [DEBUG]  Action 'utter_happy' ended with events '['BotUttered(text: Great carry on!, data: {"elements": null, "quick_replies": null, "buttons": null, "attachment": null, "image": null, "custom": null}, metadata: {})']'
2019-08-07 14:44:40,834 [DEBUG]  Current tracker state [{'intent_mood_unhappy': 1.0, 'prev_action_listen': 1.0}, {'intent_mood_unhappy': 1.0, 'prev_utter_cheer_up': 1.0}, {'prev_utter_did_that_help': 1.0, 'intent_mood_unhappy': 1.0}, {'intent_affirm': 1.0, 'prev_action_listen': 1.0}, {'prev_utter_happy': 1.0, 'intent_affirm': 1.0}]
2019-08-07 14:44:40,834 [DEBUG]  There is a memorised next action '0'
2019-08-07 14:44:40,837 [DEBUG]  There is no mapped action for the predicted intent, 'affirm'.
2019-08-07 14:44:40,837 [DEBUG]  Predicted next action using policy_0_MemoizationPolicy
2019-08-07 14:44:40,838 [DEBUG]  Predicted next action 'action_listen' with confidence 1.00.
2019-08-07 14:44:40,838 [DEBUG]  Action 'action_listen' ended with events '[]'
2019-08-07 14:44:40,839 [DEBUG]  Deleted lock for conversation 'default' (unused)
2019-08-07 14:44:45,422 [DEBUG]  Created a new lock for conversation 'default'
2019-08-07 14:44:45,423 [DEBUG]  Recreating tracker for id 'default'
2019-08-07 14:44:45,425 [DEBUG]  Received user message 'hello' with intent '{'name': 'greet', 'confidence': 0.9784450531005859}' and entities '[]'
2019-08-07 14:44:45,425 [DEBUG]  Logged UserUtterance - tracker now has 28 events
2019-08-07 14:44:45,426 [DEBUG]  Current tracker state [{'intent_mood_unhappy': 1.0, 'prev_utter_cheer_up': 1.0}, {'prev_utter_did_that_help': 1.0, 'intent_mood_unhappy': 1.0}, {'intent_affirm': 1.0, 'prev_action_listen': 1.0}, {'prev_utter_happy': 1.0, 'intent_affirm': 1.0}, {'intent_greet': 1.0, 'prev_action_listen': 1.0}]
2019-08-07 14:44:45,426 [DEBUG]  There is no memorised next action
2019-08-07 14:44:45,430 [DEBUG]  Predicted next action using policy_1_KerasPolicy
2019-08-07 14:44:45,430 [DEBUG]  Predicted next action 'utter_greet' with confidence 0.63.
2019-08-07 14:44:45,431 [DEBUG]  Action 'utter_greet' ended with events '['BotUttered(text: Hey! How are you?, data: {"elements": null, "quick_replies": null, "buttons": null, "attachment": null, "image": null, "custom": null}, metadata: {})']'
2019-08-07 14:44:45,433 [DEBUG]  Current tracker state [{'prev_utter_did_that_help': 1.0, 'intent_mood_unhappy': 1.0}, {'intent_affirm': 1.0, 'prev_action_listen': 1.0}, {'prev_utter_happy': 1.0, 'intent_affirm': 1.0}, {'intent_greet': 1.0, 'prev_action_listen': 1.0}, {'intent_greet': 1.0, 'prev_utter_greet': 1.0}]
2019-08-07 14:44:45,433 [DEBUG]  There is no memorised next action
2019-08-07 14:44:45,437 [DEBUG]  There is no mapped action for the predicted intent, 'greet'.
2019-08-07 14:44:45,437 [DEBUG]  Predicted next action using policy_1_KerasPolicy
2019-08-07 14:44:45,437 [DEBUG]  Predicted next action 'action_listen' with confidence 0.91.
2019-08-07 14:44:45,438 [DEBUG]  Action 'action_listen' ended with events '[]'
2019-08-07 14:44:45,439 [DEBUG]  Deleted lock for conversation 'default' (unused)
2019-08-07 14:45:06,669 [DEBUG]  Created a new lock for conversation 'default'
2019-08-07 14:45:06,669 [DEBUG]  Recreating tracker for id 'default'
2019-08-07 14:45:06,671 [DEBUG]  Received user message '' with intent '{'name': None, 'confidence': 0.0}' and entities '[]'
2019-08-07 14:45:06,671 [DEBUG]  Logged UserUtterance - tracker now has 32 events
2019-08-07 14:45:06,672 [DEBUG]  Current tracker state [{'intent_affirm': 1.0, 'prev_action_listen': 1.0}, {'prev_utter_happy': 1.0, 'intent_affirm': 1.0}, {'intent_greet': 1.0, 'prev_action_listen': 1.0}, {'intent_greet': 1.0, 'prev_utter_greet': 1.0}, {'prev_action_listen': 1.0}]
2019-08-07 14:45:06,672 [DEBUG]  There is no memorised next action
2019-08-07 14:45:06,677 [DEBUG]  Predicted next action using policy_1_KerasPolicy
2019-08-07 14:45:06,678 [DEBUG]  Predicted next action 'utter_cheer_up' with confidence 0.40.
2019-08-07 14:45:06,679 [DEBUG]  Action 'utter_cheer_up' ended with events '['BotUttered(text: Here is something to cheer you up:, data: {"elements": null, "quick_replies": null, "buttons": null, "attachment": "https://i.imgur.com/nGF1K8f.jpg", "image": "https://i.imgur.com/nGF1K8f.jpg", "custom": null}, metadata: {})']'
2019-08-07 14:45:06,681 [DEBUG]  Current tracker state [{'prev_utter_happy': 1.0, 'intent_affirm': 1.0}, {'intent_greet': 1.0, 'prev_action_listen': 1.0}, {'intent_greet': 1.0, 'prev_utter_greet': 1.0}, {'prev_action_listen': 1.0}, {'prev_utter_cheer_up': 1.0}]
2019-08-07 14:45:06,681 [DEBUG]  There is no memorised next action
2019-08-07 14:45:06,686 [DEBUG]  There is no mapped action for the predicted intent, 'None'.
2019-08-07 14:45:06,686 [DEBUG]  Predicted next action using policy_1_KerasPolicy
2019-08-07 14:45:06,686 [DEBUG]  Predicted next action 'utter_did_that_help' with confidence 0.62.
2019-08-07 14:45:06,687 [DEBUG]  Action 'utter_did_that_help' ended with events '['BotUttered(text: Did that help you?, data: {"elements": null, "quick_replies": null, "buttons": null, "attachment": null, "image": null, "custom": null}, metadata: {})']'
2019-08-07 14:45:06,689 [DEBUG]  Current tracker state [{'intent_greet': 1.0, 'prev_action_listen': 1.0}, {'intent_greet': 1.0, 'prev_utter_greet': 1.0}, {'prev_action_listen': 1.0}, {'prev_utter_cheer_up': 1.0}, {'prev_utter_did_that_help': 1.0}]
2019-08-07 14:45:06,689 [DEBUG]  There is no memorised next action
2019-08-07 14:45:06,700 [DEBUG]  There is no mapped action for the predicted intent, 'None'.
2019-08-07 14:45:06,700 [DEBUG]  Predicted next action using policy_1_KerasPolicy
2019-08-07 14:45:06,700 [DEBUG]  Predicted next action 'action_listen' with confidence 0.75.
2019-08-07 14:45:06,701 [DEBUG]  Action 'action_listen' ended with events '[]'
2019-08-07 14:45:06,701 [DEBUG]  Deleted lock for conversation 'default' (unused)
2019-08-07 14:45:08,970 [DEBUG]  Created a new lock for conversation 'default'
2019-08-07 14:45:08,971 [DEBUG]  Recreating tracker for id 'default'
2019-08-07 14:45:08,973 [DEBUG]  Received user message 'bye' with intent '{'name': 'goodbye', 'confidence': 0.9680338501930237}' and entities '[]'
2019-08-07 14:45:08,973 [DEBUG]  Logged UserUtterance - tracker now has 38 events
2019-08-07 14:45:08,974 [DEBUG]  Current tracker state [{'intent_greet': 1.0, 'prev_utter_greet': 1.0}, {'prev_action_listen': 1.0}, {'prev_utter_cheer_up': 1.0}, {'prev_utter_did_that_help': 1.0}, {'intent_goodbye': 1.0, 'prev_action_listen': 1.0}]
2019-08-07 14:45:08,975 [DEBUG]  There is no memorised next action
2019-08-07 14:45:08,979 [DEBUG]  Predicted next action using policy_1_KerasPolicy
2019-08-07 14:45:08,979 [DEBUG]  Predicted next action 'utter_goodbye' with confidence 0.67.
2019-08-07 14:45:08,980 [DEBUG]  Action 'utter_goodbye' ended with events '['BotUttered(text: Bye, data: {"elements": null, "quick_replies": null, "buttons": null, "attachment": null, "image": null, "custom": null}, metadata: {})']'
2019-08-07 14:45:08,982 [DEBUG]  Current tracker state [{'prev_action_listen': 1.0}, {'prev_utter_cheer_up': 1.0}, {'prev_utter_did_that_help': 1.0}, {'intent_goodbye': 1.0, 'prev_action_listen': 1.0}, {'intent_goodbye': 1.0, 'prev_utter_goodbye': 1.0}]
2019-08-07 14:45:08,982 [DEBUG]  There is no memorised next action
2019-08-07 14:45:08,986 [DEBUG]  There is no mapped action for the predicted intent, 'goodbye'.
2019-08-07 14:45:08,986 [DEBUG]  Predicted next action using policy_1_KerasPolicy
2019-08-07 14:45:08,994 [DEBUG]  Predicted next action 'action_listen' with confidence 0.92.
2019-08-07 14:45:08,994 [DEBUG]  Action 'action_listen' ended with events '[]'
2019-08-07 14:45:08,995 [DEBUG]  Deleted lock for conversation 'default' (unused)
2019-08-07 14:45:11,107 [INFO ]  Killing Sanic server now.
